4

real    1m48.770s
user    0m48.750s
sys     0m0.003s
8

real    2m49.484s
user    0m49.449s
sys     0m0.006s
12

real    2m17.708s
user    0m47.676s
sys     0m0.003s

14

real    1m18.412s
user    0m48.374s
sys     0m0.003s
18

real    3m48.152s
user    0m48.104s
sys     0m0.003s
22

real    2m20.448s
user    0m49.454s
sys     0m0.001s

24

real    2m18.239s
user    0m48.215s
sys     0m0.006s

26

real    2m19.264s
user    0m49.245s
sys     0m0.003s 

30

real    3m19.291s
user    0m49.239s
sys     0m0.002s
34

real    2m17.717s
user    0m47.681s
sys     0m0.005s

36

real    0m48.914s
user    0m48.906s
sys     0m0.001s
40

real    0m49.469s
user    0m49.461s
sys     0m0.004s