==30759== NVPROF is profiling process 30759, command: ./bin/MD
==30759== Warning: Profiling results might be incorrect with current version of nvcc compiler used to compile cuda app. Compile with nvcc compiler 9.0 or later version to get correct profiling results. Ignore this warning if code is already compiled with the recommended nvcc version 

  !!!!!!!!!!!!!!!!!!!!!!!!!!!!!!!!!!!!!!!!!!!!!!!!!!!!!!!!!!!!!
                  WELCOME TO WILLY P CHEM MD!
  !!!!!!!!!!!!!!!!!!!!!!!!!!!!!!!!!!!!!!!!!!!!!!!!!!!!!!!!!!!!!

  ENTER A TITLE FOR YOUR CALCULATION!

  !!!!!!!!!!!!!!!!!!!!!!!!!!!!!!!!!!!!!!!!!!!!!!!!!!!!!!!!!!!!!
                  TITLE ENTERED AS 'cp'
  !!!!!!!!!!!!!!!!!!!!!!!!!!!!!!!!!!!!!!!!!!!!!!!!!!!!!!!!!!!!!

  !!!!!!!!!!!!!!!!!!!!!!!!!!!!!!!!!!!!!!!!!!!!!!!!!!!!!!!!!!!!!
  WHICH NOBLE GAS WOULD YOU LIKE TO SIMULATE? (DEFAULT IS ARGON)

  FOR HELIUM,  TYPE 'He' THEN PRESS 'return' TO CONTINUE
  FOR NEON,    TYPE 'Ne' THEN PRESS 'return' TO CONTINUE
  FOR ARGON,   TYPE 'Ar' THEN PRESS 'return' TO CONTINUE
  FOR KRYPTON, TYPE 'Kr' THEN PRESS 'return' TO CONTINUE
  FOR XENON,   TYPE 'Xe' THEN PRESS 'return' TO CONTINUE
  !!!!!!!!!!!!!!!!!!!!!!!!!!!!!!!!!!!!!!!!!!!!!!!!!!!!!!!!!!!!!

  !!!!!!!!!!!!!!!!!!!!!!!!!!!!!!!!!!!!!!!!!!!!!!!!!!!!!!!!!!!!!

                     YOU ARE SIMULATING Ar GAS! 

  !!!!!!!!!!!!!!!!!!!!!!!!!!!!!!!!!!!!!!!!!!!!!!!!!!!!!!!!!!!!!

  !!!!!!!!!!!!!!!!!!!!!!!!!!!!!!!!!!!!!!!!!!!!!!!!!!!!!!!!!!!!!

  YOU WILL NOW ENTER A FEW SIMULATION PARAMETERS
  !!!!!!!!!!!!!!!!!!!!!!!!!!!!!!!!!!!!!!!!!!!!!!!!!!!!!!!!!!!!!


  ENTER THE INTIAL TEMPERATURE OF YOUR GAS IN KELVIN


  ENTER THE NUMBER DENSITY IN moles/m^3
  FOR REFERENCE, NUMBER DENSITY OF AN IDEAL GAS AT STP IS ABOUT 40 moles/m^3
  NUMBER DENSITY OF LIQUID ARGON AT 1 ATM AND 87 K IS ABOUT 35000 moles/m^3
  PERCENTAGE OF CALCULATION COMPLETE:
  [ 10 | 20 | 30 | 40 | 50 | 60 | 70 | 80 | 90 | 100 ]
==30759== Profiling application: ./bin/MD

  TO ANIMATE YOUR SIMULATION, OPEN THE FILE 
  'cp_traj.xyz' WITH VMD AFTER THE SIMULATION COMPLETES

  TO ANALYZE INSTANTANEOUS DATA ABOUT YOUR MOLECULE, OPEN THE FILE 
  'cp_output.txt' WITH YOUR FAVORITE TEXT EDITOR OR IMPORT THE DATA INTO EXCEL

  THE FOLLOWING THERMODYNAMIC AVERAGES WILL BE COMPUTED AND WRITTEN TO THE FILE  
  'cp_average.txt':

  AVERAGE TEMPERATURE (K):                       131.45506

  AVERAGE PRESSURE  (Pa):                  131001228.45076

  PV/nT (J * mol^-1 K^-1):                        28.47279

  PERCENT ERROR of pV/nT AND GAS CONSTANT:       242.44905

  THE COMPRESSIBILITY (unitless):                  3.42449 

  TOTAL VOLUME (m^3):                      2.37220e-25 

  NUMBER OF PARTICLES (unitless):          5000 
==30759== Profiling result:
            Type  Time(%)      Time     Calls       Avg       Min       Max  Name
 GPU activities:   99.88%  8.09868s       202  40.092ms  40.030ms  40.174ms  computeAccelerationsKernel(double*, double*, double*)
                    0.06%  4.5396ms       202  22.473us  22.080us  33.664us  [CUDA memcpy HtoD]
                    0.05%  4.1262ms       404  10.213us  1.8230us  28.928us  [CUDA memcpy DtoH]
                    0.02%  1.4337ms       404  3.5480us  2.1120us  12.897us  [CUDA memset]
      API calls:   96.39%  8.12925s       606  13.415ms  16.403us  40.328ms  cudaMemcpy
                    3.16%  266.81ms       606  440.28us  2.9840us  234.71ms  cudaMalloc
                    0.33%  27.908ms       606  46.053us  2.7780us  213.70us  cudaFree
                    0.05%  4.2175ms       404  10.439us  4.1060us  61.827us  cudaMemset
                    0.03%  2.4669ms       202  12.212us  9.9730us  65.919us  cudaLaunchKernel
                    0.01%  1.0854ms         2  542.70us  507.65us  577.75us  cuDeviceTotalMem
                    0.01%  978.36us       202  4.8430us     267ns  207.98us  cuDeviceGetAttribute
                    0.00%  317.82us       808     393ns     194ns  13.872us  cudaGetLastError
                    0.00%  297.17us         2  148.58us  67.328us  229.84us  cuDeviceGetName
                    0.00%  18.108us         2  9.0540us  2.6970us  15.411us  cuDeviceGetPCIBusId
                    0.00%  2.9390us         4     734ns     277ns     982ns  cuDeviceGet
                    0.00%  1.9180us         3     639ns     279ns  1.0320us  cuDeviceGetCount
                    0.00%  1.8030us         2     901ns     663ns  1.1400us  cuDeviceGetUuid

real	0m12.106s
user	0m5.323s
sys	0m4.356s
