==16420== NVPROF is profiling process 16420, command: ./bin/MD
==16420== Warning: Profiling results might be incorrect with current version of nvcc compiler used to compile cuda app. Compile with nvcc compiler 9.0 or later version to get correct profiling results. Ignore this warning if code is already compiled with the recommended nvcc version 

  !!!!!!!!!!!!!!!!!!!!!!!!!!!!!!!!!!!!!!!!!!!!!!!!!!!!!!!!!!!!!
                  WELCOME TO WILLY P CHEM MD!
  !!!!!!!!!!!!!!!!!!!!!!!!!!!!!!!!!!!!!!!!!!!!!!!!!!!!!!!!!!!!!

  ENTER A TITLE FOR YOUR CALCULATION!

  !!!!!!!!!!!!!!!!!!!!!!!!!!!!!!!!!!!!!!!!!!!!!!!!!!!!!!!!!!!!!
                  TITLE ENTERED AS 'cp'
  !!!!!!!!!!!!!!!!!!!!!!!!!!!!!!!!!!!!!!!!!!!!!!!!!!!!!!!!!!!!!

  !!!!!!!!!!!!!!!!!!!!!!!!!!!!!!!!!!!!!!!!!!!!!!!!!!!!!!!!!!!!!
  WHICH NOBLE GAS WOULD YOU LIKE TO SIMULATE? (DEFAULT IS ARGON)

  FOR HELIUM,  TYPE 'He' THEN PRESS 'return' TO CONTINUE
  FOR NEON,    TYPE 'Ne' THEN PRESS 'return' TO CONTINUE
  FOR ARGON,   TYPE 'Ar' THEN PRESS 'return' TO CONTINUE
  FOR KRYPTON, TYPE 'Kr' THEN PRESS 'return' TO CONTINUE
  FOR XENON,   TYPE 'Xe' THEN PRESS 'return' TO CONTINUE
  !!!!!!!!!!!!!!!!!!!!!!!!!!!!!!!!!!!!!!!!!!!!!!!!!!!!!!!!!!!!!

  !!!!!!!!!!!!!!!!!!!!!!!!!!!!!!!!!!!!!!!!!!!!!!!!!!!!!!!!!!!!!

                     YOU ARE SIMULATING Ar GAS! 

  !!!!!!!!!!!!!!!!!!!!!!!!!!!!!!!!!!!!!!!!!!!!!!!!!!!!!!!!!!!!!

  !!!!!!!!!!!!!!!!!!!!!!!!!!!!!!!!!!!!!!!!!!!!!!!!!!!!!!!!!!!!!

  YOU WILL NOW ENTER A FEW SIMULATION PARAMETERS
  !!!!!!!!!!!!!!!!!!!!!!!!!!!!!!!!!!!!!!!!!!!!!!!!!!!!!!!!!!!!!


  ENTER THE INTIAL TEMPERATURE OF YOUR GAS IN KELVIN


  ENTER THE NUMBER DENSITY IN moles/m^3
  FOR REFERENCE, NUMBER DENSITY OF AN IDEAL GAS AT STP IS ABOUT 40 moles/m^3
  NUMBER DENSITY OF LIQUID ARGON AT 1 ATM AND 87 K IS ABOUT 35000 moles/m^3
  PERCENTAGE OF CALCULATION COMPLETE:
  [ 10 | 20 | 30 | 40 | 50 | 60 | 70 | 80 | 90 | 100 ]

  TO ANIMATE YOUR SIMULATION, OPEN THE FILE 
  'cp_traj.xyz' WITH VMD AFTER THE SIMULATION COMPLETES

  TO ANALYZE INSTANTANEOUS DATA ABOUT YOUR MOLECULE, OPEN THE FILE 
  'cp_output.txt' WITH YOUR FAVORITE TEXT EDITOR OR IMPORT THE DATA INTO EXCEL

  THE FOLLOWING THERMODYNAMIC AVERAGES WILL BE COMPUTED AND WRITTEN TO THE FILE  
  'cp_average.txt':

  AVERAGE TEMPERATURE (K):                       131.45506

  AVERAGE PRESSURE  (Pa):                  131001228.45076

  PV/nT (J * mol^-1 K^-1):                        28.47279

  PERCENT ERROR of pV/nT AND GAS CONSTANT:       242.44905

  THE COMPRESSIBILITY (unitless):                  3.42449 

  TOTAL VOLUME (m^3):                      2.37220e-25 

  NUMBER OF PARTICLES (unitless):          5000 
==16420== Profiling application: ./bin/MD
==16420== Profiling result:
            Type  Time(%)      Time     Calls       Avg       Min       Max  Name
 GPU activities:   99.80%  4.94713s       202  24.491ms  24.452ms  24.568ms  computeAccelerationsKernel(double*, double*, double*)
                    0.09%  4.4998ms       202  22.276us  21.888us  22.624us  [CUDA memcpy HtoD]
                    0.08%  4.1099ms       404  10.172us  1.8230us  19.104us  [CUDA memcpy DtoH]
                    0.03%  1.3675ms       404  3.3840us  2.0160us  5.0240us  [CUDA memset]
      API calls:   94.36%  4.97715s       606  8.2131ms  15.881us  24.649ms  cudaMemcpy
                    4.96%  261.43ms       606  431.41us  3.1660us  229.02ms  cudaMalloc
                    0.51%  26.781ms       606  44.192us  2.7730us  198.03us  cudaFree
                    0.08%  4.1339ms       404  10.232us  3.9880us  59.521us  cudaMemset
                    0.04%  2.3583ms       202  11.674us  9.7260us  81.506us  cudaLaunchKernel
                    0.02%  1.1096ms         2  554.78us  539.14us  570.41us  cuDeviceTotalMem
                    0.02%  919.48us       202  4.5510us     343ns  189.48us  cuDeviceGetAttribute
                    0.00%  258.64us       808     320ns     223ns  3.3730us  cudaGetLastError
                    0.00%  220.41us         2  110.20us  46.926us  173.48us  cuDeviceGetName
                    0.00%  21.737us         2  10.868us  5.6400us  16.097us  cuDeviceGetPCIBusId
                    0.00%  3.8000us         4     950ns     465ns  1.4380us  cuDeviceGet
                    0.00%  3.0270us         3  1.0090us     583ns  1.6250us  cuDeviceGetCount
                    0.00%  2.1370us         2  1.0680us     767ns  1.3700us  cuDeviceGetUuid

real	0m8.607s
user	0m3.576s
sys	0m2.892s
