==44538== NVPROF is profiling process 44538, command: ./bin/MD

  !!!!!!!!!!!!!!!!!!!!!!!!!!!!!!!!!!!!!!!!!!!!!!!!!!!!!!!!!!!!!
                  WELCOME TO WILLY P CHEM MD!
  !!!!!!!!!!!!!!!!!!!!!!!!!!!!!!!!!!!!!!!!!!!!!!!!!!!!!!!!!!!!!

  ENTER A TITLE FOR YOUR CALCULATION!

  !!!!!!!!!!!!!!!!!!!!!!!!!!!!!!!!!!!!!!!!!!!!!!!!!!!!!!!!!!!!!
                  TITLE ENTERED AS 'cp'
  !!!!!!!!!!!!!!!!!!!!!!!!!!!!!!!!!!!!!!!!!!!!!!!!!!!!!!!!!!!!!

  !!!!!!!!!!!!!!!!!!!!!!!!!!!!!!!!!!!!!!!!!!!!!!!!!!!!!!!!!!!!!
  WHICH NOBLE GAS WOULD YOU LIKE TO SIMULATE? (DEFAULT IS ARGON)

  FOR HELIUM,  TYPE 'He' THEN PRESS 'return' TO CONTINUE
  FOR NEON,    TYPE 'Ne' THEN PRESS 'return' TO CONTINUE
  FOR ARGON,   TYPE 'Ar' THEN PRESS 'return' TO CONTINUE
  FOR KRYPTON, TYPE 'Kr' THEN PRESS 'return' TO CONTINUE
  FOR XENON,   TYPE 'Xe' THEN PRESS 'return' TO CONTINUE
  !!!!!!!!!!!!!!!!!!!!!!!!!!!!!!!!!!!!!!!!!!!!!!!!!!!!!!!!!!!!!

  !!!!!!!!!!!!!!!!!!!!!!!!!!!!!!!!!!!!!!!!!!!!!!!!!!!!!!!!!!!!!

                     YOU ARE SIMULATING Ar GAS! 

  !!!!!!!!!!!!!!!!!!!!!!!!!!!!!!!!!!!!!!!!!!!!!!!!!!!!!!!!!!!!!

  !!!!!!!!!!!!!!!!!!!!!!!!!!!!!!!!!!!!!!!!!!!!!!!!!!!!!!!!!!!!!

  YOU WILL NOW ENTER A FEW SIMULATION PARAMETERS
  !!!!!!!!!!!!!!!!!!!!!!!!!!!!!!!!!!!!!!!!!!!!!!!!!!!!!!!!!!!!!


  ENTER THE INTIAL TEMPERATURE OF YOUR GAS IN KELVIN


  ENTER THE NUMBER DENSITY IN moles/m^3
  FOR REFERENCE, NUMBER DENSITY OF AN IDEAL GAS AT STP IS ABOUT 40 moles/m^3
  NUMBER DENSITY OF LIQUID ARGON AT 1 ATM AND 87 K IS ABOUT 35000 moles/m^3
  PERCENTAGE OF CALCULATION COMPLETE:
  [ 10 | 20 | 30 | 40 | 50 | 60 | 70 | 80 | 90 | 100 ]
==44538== Profiling application: ./bin/MD

  TO ANIMATE YOUR SIMULATION, OPEN THE FILE 
  'cp_traj.xyz' WITH VMD AFTER THE SIMULATION COMPLETES

  TO ANALYZE INSTANTANEOUS DATA ABOUT YOUR MOLECULE, OPEN THE FILE 
  'cp_output.txt' WITH YOUR FAVORITE TEXT EDITOR OR IMPORT THE DATA INTO EXCEL

  THE FOLLOWING THERMODYNAMIC AVERAGES WILL BE COMPUTED AND WRITTEN TO THE FILE  
  'cp_average.txt':

  AVERAGE TEMPERATURE (K):                       131.45506

  AVERAGE PRESSURE  (Pa):                  131001228.45076

  PV/nT (J * mol^-1 K^-1):                        28.47279

  PERCENT ERROR of pV/nT AND GAS CONSTANT:       242.44905

  THE COMPRESSIBILITY (unitless):                  3.42449 

  TOTAL VOLUME (m^3):                      2.37220e-25 

  NUMBER OF PARTICLES (unitless):          5000 
==44538== Profiling result:
            Type  Time(%)      Time     Calls       Avg       Min       Max  Name
 GPU activities:   99.92%  11.6639s       202  57.742ms  57.666ms  57.812ms  computeAccelerationsKernel(double*, double*, double*)
                    0.04%  4.4817ms       202  22.186us  21.856us  32.736us  [CUDA memcpy HtoD]
                    0.03%  4.0709ms       404  10.076us  1.5360us  19.136us  [CUDA memcpy DtoH]
                    0.01%  1.2779ms       404  3.1630us  1.7600us  5.1200us  [CUDA memset]
      API calls:   97.40%  11.6937s       606  19.297ms  16.317us  57.951ms  cudaMemcpy
                    2.29%  274.54ms       606  453.04us  2.9650us  239.56ms  cudaMalloc
                    0.24%  28.425ms       606  46.905us  2.7710us  2.0485ms  cudaFree
                    0.04%  4.2439ms       404  10.504us  3.9290us  75.335us  cudaMemset
                    0.02%  2.3620ms       202  11.693us  9.6840us  43.639us  cudaLaunchKernel
                    0.01%  1.0831ms         2  541.56us  506.92us  576.20us  cuDeviceTotalMem
                    0.01%  1.0123ms       202  5.0110us     295ns  215.19us  cuDeviceGetAttribute
                    0.00%  310.48us       808     384ns     214ns  13.554us  cudaGetLastError
                    0.00%  283.05us         2  141.52us  48.265us  234.78us  cuDeviceGetName
                    0.00%  19.176us         2  9.5880us  3.7940us  15.382us  cuDeviceGetPCIBusId
                    0.00%  3.7250us         4     931ns     382ns  1.4500us  cuDeviceGet
                    0.00%  2.5780us         3     859ns     400ns  1.3900us  cuDeviceGetCount
                    0.00%  2.1330us         2  1.0660us     730ns  1.4030us  cuDeviceGetUuid

real	0m15.681s
user	0m7.713s
sys	0m5.583s
