==13732== NVPROF is profiling process 13732, command: ./bin/MD
==13732== Warning: Profiling results might be incorrect with current version of nvcc compiler used to compile cuda app. Compile with nvcc compiler 9.0 or later version to get correct profiling results. Ignore this warning if code is already compiled with the recommended nvcc version 

  !!!!!!!!!!!!!!!!!!!!!!!!!!!!!!!!!!!!!!!!!!!!!!!!!!!!!!!!!!!!!
                  WELCOME TO WILLY P CHEM MD!
  !!!!!!!!!!!!!!!!!!!!!!!!!!!!!!!!!!!!!!!!!!!!!!!!!!!!!!!!!!!!!

  ENTER A TITLE FOR YOUR CALCULATION!

  !!!!!!!!!!!!!!!!!!!!!!!!!!!!!!!!!!!!!!!!!!!!!!!!!!!!!!!!!!!!!
                  TITLE ENTERED AS 'cp'
  !!!!!!!!!!!!!!!!!!!!!!!!!!!!!!!!!!!!!!!!!!!!!!!!!!!!!!!!!!!!!

  !!!!!!!!!!!!!!!!!!!!!!!!!!!!!!!!!!!!!!!!!!!!!!!!!!!!!!!!!!!!!
  WHICH NOBLE GAS WOULD YOU LIKE TO SIMULATE? (DEFAULT IS ARGON)

  FOR HELIUM,  TYPE 'He' THEN PRESS 'return' TO CONTINUE
  FOR NEON,    TYPE 'Ne' THEN PRESS 'return' TO CONTINUE
  FOR ARGON,   TYPE 'Ar' THEN PRESS 'return' TO CONTINUE
  FOR KRYPTON, TYPE 'Kr' THEN PRESS 'return' TO CONTINUE
  FOR XENON,   TYPE 'Xe' THEN PRESS 'return' TO CONTINUE
  !!!!!!!!!!!!!!!!!!!!!!!!!!!!!!!!!!!!!!!!!!!!!!!!!!!!!!!!!!!!!

  !!!!!!!!!!!!!!!!!!!!!!!!!!!!!!!!!!!!!!!!!!!!!!!!!!!!!!!!!!!!!

                     YOU ARE SIMULATING Ar GAS! 

  !!!!!!!!!!!!!!!!!!!!!!!!!!!!!!!!!!!!!!!!!!!!!!!!!!!!!!!!!!!!!

  !!!!!!!!!!!!!!!!!!!!!!!!!!!!!!!!!!!!!!!!!!!!!!!!!!!!!!!!!!!!!

  YOU WILL NOW ENTER A FEW SIMULATION PARAMETERS
  !!!!!!!!!!!!!!!!!!!!!!!!!!!!!!!!!!!!!!!!!!!!!!!!!!!!!!!!!!!!!


  ENTER THE INTIAL TEMPERATURE OF YOUR GAS IN KELVIN


  ENTER THE NUMBER DENSITY IN moles/m^3
  FOR REFERENCE, NUMBER DENSITY OF AN IDEAL GAS AT STP IS ABOUT 40 moles/m^3
  NUMBER DENSITY OF LIQUID ARGON AT 1 ATM AND 87 K IS ABOUT 35000 moles/m^3
  PERCENTAGE OF CALCULATION COMPLETE:
  [ 10 | 20 | 30 | 40 | 50 | 60 | 70 | 80 | 90 | 100 ]
==13732== Profiling application: ./bin/MD

  TO ANIMATE YOUR SIMULATION, OPEN THE FILE 
  'cp_traj.xyz' WITH VMD AFTER THE SIMULATION COMPLETES

  TO ANALYZE INSTANTANEOUS DATA ABOUT YOUR MOLECULE, OPEN THE FILE 
  'cp_output.txt' WITH YOUR FAVORITE TEXT EDITOR OR IMPORT THE DATA INTO EXCEL

  THE FOLLOWING THERMODYNAMIC AVERAGES WILL BE COMPUTED AND WRITTEN TO THE FILE  
  'cp_average.txt':

  AVERAGE TEMPERATURE (K):                 33069988609960176043161121731956303749709824.00000

  AVERAGE PRESSURE  (Pa):                  735885760589029168803429220352.00000

  PV/nT (J * mol^-1 K^-1):                         0.00000

  PERCENT ERROR of pV/nT AND GAS CONSTANT:       100.00000

  THE COMPRESSIBILITY (unitless):                  0.00000 

  TOTAL VOLUME (m^3):                      2.37220e-25 

  NUMBER OF PARTICLES (unitless):          5000 
==13732== Profiling result:
            Type  Time(%)      Time     Calls       Avg       Min       Max  Name
 GPU activities:   99.80%  4.95481s       202  24.529ms  24.471ms  24.603ms  computeAccelerationsKernel(double*, double*, double*)
                    0.09%  4.5055ms       202  22.304us  22.080us  22.656us  [CUDA memcpy HtoD]
                    0.08%  4.1145ms       404  10.184us  1.8230us  19.104us  [CUDA memcpy DtoH]
                    0.03%  1.3733ms       404  3.3990us  2.0160us  9.9200us  [CUDA memset]
      API calls:   94.55%  4.98499s       606  8.2261ms  16.241us  24.681ms  cudaMemcpy
                    4.77%  251.41ms       606  414.87us  3.0930us  218.80ms  cudaMalloc
                    0.52%  27.209ms       606  44.899us  2.7640us  572.92us  cudaFree
                    0.08%  4.2381ms       404  10.490us  4.0110us  77.891us  cudaMemset
                    0.05%  2.4194ms       202  11.977us  9.6610us  84.242us  cudaLaunchKernel
                    0.02%  908.34us         2  454.17us  428.70us  479.64us  cuDeviceTotalMem
                    0.02%  874.76us       202  4.3300us     305ns  197.11us  cuDeviceGetAttribute
                    0.01%  267.98us       808     331ns     241ns  3.3710us  cudaGetLastError
                    0.00%  249.41us         2  124.70us  40.507us  208.90us  cuDeviceGetName
                    0.00%  21.332us         2  10.666us  5.5680us  15.764us  cuDeviceGetPCIBusId
                    0.00%  3.4480us         4     862ns     378ns  1.3920us  cuDeviceGet
                    0.00%  3.0320us         3  1.0100us     485ns  1.7100us  cuDeviceGetCount
                    0.00%  1.9520us         2     976ns     757ns  1.1950us  cuDeviceGetUuid

real	0m8.647s
user	0m3.679s
sys	0m2.919s
