==7791== NVPROF is profiling process 7791, command: ./bin/MD
==7791== Warning: Profiling results might be incorrect with current version of nvcc compiler used to compile cuda app. Compile with nvcc compiler 9.0 or later version to get correct profiling results. Ignore this warning if code is already compiled with the recommended nvcc version 

  !!!!!!!!!!!!!!!!!!!!!!!!!!!!!!!!!!!!!!!!!!!!!!!!!!!!!!!!!!!!!
                  WELCOME TO WILLY P CHEM MD!
  !!!!!!!!!!!!!!!!!!!!!!!!!!!!!!!!!!!!!!!!!!!!!!!!!!!!!!!!!!!!!

  ENTER A TITLE FOR YOUR CALCULATION!

  !!!!!!!!!!!!!!!!!!!!!!!!!!!!!!!!!!!!!!!!!!!!!!!!!!!!!!!!!!!!!
                  TITLE ENTERED AS 'cp'
  !!!!!!!!!!!!!!!!!!!!!!!!!!!!!!!!!!!!!!!!!!!!!!!!!!!!!!!!!!!!!

  !!!!!!!!!!!!!!!!!!!!!!!!!!!!!!!!!!!!!!!!!!!!!!!!!!!!!!!!!!!!!
  WHICH NOBLE GAS WOULD YOU LIKE TO SIMULATE? (DEFAULT IS ARGON)

  FOR HELIUM,  TYPE 'He' THEN PRESS 'return' TO CONTINUE
  FOR NEON,    TYPE 'Ne' THEN PRESS 'return' TO CONTINUE
  FOR ARGON,   TYPE 'Ar' THEN PRESS 'return' TO CONTINUE
  FOR KRYPTON, TYPE 'Kr' THEN PRESS 'return' TO CONTINUE
  FOR XENON,   TYPE 'Xe' THEN PRESS 'return' TO CONTINUE
  !!!!!!!!!!!!!!!!!!!!!!!!!!!!!!!!!!!!!!!!!!!!!!!!!!!!!!!!!!!!!

  !!!!!!!!!!!!!!!!!!!!!!!!!!!!!!!!!!!!!!!!!!!!!!!!!!!!!!!!!!!!!

                     YOU ARE SIMULATING Ar GAS! 

  !!!!!!!!!!!!!!!!!!!!!!!!!!!!!!!!!!!!!!!!!!!!!!!!!!!!!!!!!!!!!

  !!!!!!!!!!!!!!!!!!!!!!!!!!!!!!!!!!!!!!!!!!!!!!!!!!!!!!!!!!!!!

  YOU WILL NOW ENTER A FEW SIMULATION PARAMETERS
  !!!!!!!!!!!!!!!!!!!!!!!!!!!!!!!!!!!!!!!!!!!!!!!!!!!!!!!!!!!!!


  ENTER THE INTIAL TEMPERATURE OF YOUR GAS IN KELVIN


  ENTER THE NUMBER DENSITY IN moles/m^3
  FOR REFERENCE, NUMBER DENSITY OF AN IDEAL GAS AT STP IS ABOUT 40 moles/m^3
  NUMBER DENSITY OF LIQUID ARGON AT 1 ATM AND 87 K IS ABOUT 35000 moles/m^3
  PERCENTAGE OF CALCULATION COMPLETE:
  [ 10 | 20 | 30 | 40 | 50 | 60 | 70 | 80 | 90 | 100 ]
==7791== Profiling application: ./bin/MD

  TO ANIMATE YOUR SIMULATION, OPEN THE FILE 
  'cp_traj.xyz' WITH VMD AFTER THE SIMULATION COMPLETES

  TO ANALYZE INSTANTANEOUS DATA ABOUT YOUR MOLECULE, OPEN THE FILE 
  'cp_output.txt' WITH YOUR FAVORITE TEXT EDITOR OR IMPORT THE DATA INTO EXCEL

  THE FOLLOWING THERMODYNAMIC AVERAGES WILL BE COMPUTED AND WRITTEN TO THE FILE  
  'cp_average.txt':

  AVERAGE TEMPERATURE (K):                       131.45506

  AVERAGE PRESSURE  (Pa):                  131001228.45076

  PV/nT (J * mol^-1 K^-1):                        28.47279

  PERCENT ERROR of pV/nT AND GAS CONSTANT:       242.44905

  THE COMPRESSIBILITY (unitless):                  3.42449 

  TOTAL VOLUME (m^3):                      2.37220e-25 

  NUMBER OF PARTICLES (unitless):          5000 
==7791== Profiling result:
            Type  Time(%)      Time     Calls       Avg       Min       Max  Name
 GPU activities:   99.92%  11.5719s       202  57.286ms  57.227ms  57.353ms  computeAccelerationsKernel(double*, double*, double*)
                    0.04%  4.4217ms       202  21.889us  21.441us  22.273us  [CUDA memcpy HtoD]
                    0.04%  4.1113ms       404  10.176us  1.5680us  19.424us  [CUDA memcpy DtoH]
                    0.01%  1.2721ms       404  3.1480us  1.7600us  5.0230us  [CUDA memset]
      API calls:   97.73%  11.5995s       606  19.141ms  15.254us  57.494ms  cudaMemcpy
                    2.03%  241.23ms       606  398.07us  2.8790us  215.39ms  cudaMalloc
                    0.17%  20.718ms       606  34.188us  2.6400us  162.70us  cudaFree
                    0.03%  3.8996ms       404  9.6520us  3.8280us  54.958us  cudaMemset
                    0.02%  2.2900ms       202  11.336us  9.1030us  66.151us  cudaLaunchKernel
                    0.00%  550.36us         1  550.36us  550.36us  550.36us  cuDeviceTotalMem
                    0.00%  394.15us       101  3.9020us     393ns  175.44us  cuDeviceGetAttribute
                    0.00%  332.40us       808     411ns     248ns  13.141us  cudaGetLastError
                    0.00%  227.60us         1  227.60us  227.60us  227.60us  cuDeviceGetName
                    0.00%  14.985us         1  14.985us  14.985us  14.985us  cuDeviceGetPCIBusId
                    0.00%  3.1980us         3  1.0660us     525ns  1.7000us  cuDeviceGetCount
                    0.00%  1.6370us         2     818ns     407ns  1.2300us  cuDeviceGet
                    0.00%  1.1240us         1  1.1240us  1.1240us  1.1240us  cuDeviceGetUuid

real	0m13.576s
user	0m8.267s
sys	0m4.377s
