==8642== NVPROF is profiling process 8642, command: ./bin/MD

  !!!!!!!!!!!!!!!!!!!!!!!!!!!!!!!!!!!!!!!!!!!!!!!!!!!!!!!!!!!!!
                  WELCOME TO WILLY P CHEM MD!
  !!!!!!!!!!!!!!!!!!!!!!!!!!!!!!!!!!!!!!!!!!!!!!!!!!!!!!!!!!!!!

  ENTER A TITLE FOR YOUR CALCULATION!

  !!!!!!!!!!!!!!!!!!!!!!!!!!!!!!!!!!!!!!!!!!!!!!!!!!!!!!!!!!!!!
                  TITLE ENTERED AS 'cp'
  !!!!!!!!!!!!!!!!!!!!!!!!!!!!!!!!!!!!!!!!!!!!!!!!!!!!!!!!!!!!!

  !!!!!!!!!!!!!!!!!!!!!!!!!!!!!!!!!!!!!!!!!!!!!!!!!!!!!!!!!!!!!
  WHICH NOBLE GAS WOULD YOU LIKE TO SIMULATE? (DEFAULT IS ARGON)

  FOR HELIUM,  TYPE 'He' THEN PRESS 'return' TO CONTINUE
  FOR NEON,    TYPE 'Ne' THEN PRESS 'return' TO CONTINUE
  FOR ARGON,   TYPE 'Ar' THEN PRESS 'return' TO CONTINUE
  FOR KRYPTON, TYPE 'Kr' THEN PRESS 'return' TO CONTINUE
  FOR XENON,   TYPE 'Xe' THEN PRESS 'return' TO CONTINUE
  !!!!!!!!!!!!!!!!!!!!!!!!!!!!!!!!!!!!!!!!!!!!!!!!!!!!!!!!!!!!!

  !!!!!!!!!!!!!!!!!!!!!!!!!!!!!!!!!!!!!!!!!!!!!!!!!!!!!!!!!!!!!

                     YOU ARE SIMULATING Ar GAS! 

  !!!!!!!!!!!!!!!!!!!!!!!!!!!!!!!!!!!!!!!!!!!!!!!!!!!!!!!!!!!!!

  !!!!!!!!!!!!!!!!!!!!!!!!!!!!!!!!!!!!!!!!!!!!!!!!!!!!!!!!!!!!!

  YOU WILL NOW ENTER A FEW SIMULATION PARAMETERS
  !!!!!!!!!!!!!!!!!!!!!!!!!!!!!!!!!!!!!!!!!!!!!!!!!!!!!!!!!!!!!


  ENTER THE INTIAL TEMPERATURE OF YOUR GAS IN KELVIN


  ENTER THE NUMBER DENSITY IN moles/m^3
  FOR REFERENCE, NUMBER DENSITY OF AN IDEAL GAS AT STP IS ABOUT 40 moles/m^3
  NUMBER DENSITY OF LIQUID ARGON AT 1 ATM AND 87 K IS ABOUT 35000 moles/m^3
  PERCENTAGE OF CALCULATION COMPLETE:
  [ 10 | 20 | 30 | 40 | 50 | 60 | 70 | 80 | 90 | 100 ]
==8642== Profiling application: ./bin/MD

  TO ANIMATE YOUR SIMULATION, OPEN THE FILE 
  'cp_traj.xyz' WITH VMD AFTER THE SIMULATION COMPLETES

  TO ANALYZE INSTANTANEOUS DATA ABOUT YOUR MOLECULE, OPEN THE FILE 
  'cp_output.txt' WITH YOUR FAVORITE TEXT EDITOR OR IMPORT THE DATA INTO EXCEL

  THE FOLLOWING THERMODYNAMIC AVERAGES WILL BE COMPUTED AND WRITTEN TO THE FILE  
  'cp_average.txt':

  AVERAGE TEMPERATURE (K):                       131.45506

  AVERAGE PRESSURE  (Pa):                  131001228.45076

  PV/nT (J * mol^-1 K^-1):                        28.47279

  PERCENT ERROR of pV/nT AND GAS CONSTANT:       242.44905

  THE COMPRESSIBILITY (unitless):                  3.42449 

  TOTAL VOLUME (m^3):                      2.37220e-25 

  NUMBER OF PARTICLES (unitless):          5000 
==8642== Profiling result:
            Type  Time(%)      Time     Calls       Avg       Min       Max  Name
 GPU activities:   99.92%  11.5976s       202  57.414ms  57.354ms  57.487ms  computeAccelerationsKernel(double*, double*, double*)
                    0.04%  4.3789ms       202  21.677us  21.312us  21.953us  [CUDA memcpy HtoD]
                    0.03%  4.0407ms       404  10.001us  1.5030us  19.201us  [CUDA memcpy DtoH]
                    0.01%  1.2631ms       404  3.1260us  1.7290us  4.9920us  [CUDA memset]
      API calls:   97.84%  11.6245s       606  19.182ms  14.876us  57.644ms  cudaMemcpy
                    1.92%  228.66ms       606  377.33us  2.9550us  202.83ms  cudaMalloc
                    0.17%  20.524ms       606  33.867us  2.5960us  157.00us  cudaFree
                    0.03%  3.7916ms       404  9.3850us  3.7510us  63.234us  cudaMemset
                    0.02%  2.1871ms       202  10.827us  8.8940us  35.594us  cudaLaunchKernel
                    0.00%  567.68us         1  567.68us  567.68us  567.68us  cuDeviceTotalMem
                    0.00%  315.55us       808     390ns     188ns  16.862us  cudaGetLastError
                    0.00%  311.32us       101  3.0820us     212ns  126.23us  cuDeviceGetAttribute
                    0.00%  200.48us         1  200.48us  200.48us  200.48us  cuDeviceGetName
                    0.00%  8.4630us         1  8.4630us  8.4630us  8.4630us  cuDeviceGetPCIBusId
                    0.00%  1.7040us         3     568ns     203ns  1.0710us  cuDeviceGetCount
                    0.00%  1.0020us         2     501ns     247ns     755ns  cuDeviceGet
                    0.00%     946ns         1     946ns     946ns     946ns  cuDeviceGetUuid

real	0m13.439s
user	0m7.926s
sys	0m4.637s
