==17842== NVPROF is profiling process 17842, command: ./bin/MD

  !!!!!!!!!!!!!!!!!!!!!!!!!!!!!!!!!!!!!!!!!!!!!!!!!!!!!!!!!!!!!
                  WELCOME TO WILLY P CHEM MD!
  !!!!!!!!!!!!!!!!!!!!!!!!!!!!!!!!!!!!!!!!!!!!!!!!!!!!!!!!!!!!!

  ENTER A TITLE FOR YOUR CALCULATION!

  !!!!!!!!!!!!!!!!!!!!!!!!!!!!!!!!!!!!!!!!!!!!!!!!!!!!!!!!!!!!!
                  TITLE ENTERED AS 'cp'
  !!!!!!!!!!!!!!!!!!!!!!!!!!!!!!!!!!!!!!!!!!!!!!!!!!!!!!!!!!!!!

  !!!!!!!!!!!!!!!!!!!!!!!!!!!!!!!!!!!!!!!!!!!!!!!!!!!!!!!!!!!!!
  WHICH NOBLE GAS WOULD YOU LIKE TO SIMULATE? (DEFAULT IS ARGON)

  FOR HELIUM,  TYPE 'He' THEN PRESS 'return' TO CONTINUE
  FOR NEON,    TYPE 'Ne' THEN PRESS 'return' TO CONTINUE
  FOR ARGON,   TYPE 'Ar' THEN PRESS 'return' TO CONTINUE
  FOR KRYPTON, TYPE 'Kr' THEN PRESS 'return' TO CONTINUE
  FOR XENON,   TYPE 'Xe' THEN PRESS 'return' TO CONTINUE
  !!!!!!!!!!!!!!!!!!!!!!!!!!!!!!!!!!!!!!!!!!!!!!!!!!!!!!!!!!!!!

  !!!!!!!!!!!!!!!!!!!!!!!!!!!!!!!!!!!!!!!!!!!!!!!!!!!!!!!!!!!!!

                     YOU ARE SIMULATING Ar GAS! 

  !!!!!!!!!!!!!!!!!!!!!!!!!!!!!!!!!!!!!!!!!!!!!!!!!!!!!!!!!!!!!

  !!!!!!!!!!!!!!!!!!!!!!!!!!!!!!!!!!!!!!!!!!!!!!!!!!!!!!!!!!!!!

  YOU WILL NOW ENTER A FEW SIMULATION PARAMETERS
  !!!!!!!!!!!!!!!!!!!!!!!!!!!!!!!!!!!!!!!!!!!!!!!!!!!!!!!!!!!!!


  ENTER THE INTIAL TEMPERATURE OF YOUR GAS IN KELVIN


  ENTER THE NUMBER DENSITY IN moles/m^3
  FOR REFERENCE, NUMBER DENSITY OF AN IDEAL GAS AT STP IS ABOUT 40 moles/m^3
  NUMBER DENSITY OF LIQUID ARGON AT 1 ATM AND 87 K IS ABOUT 35000 moles/m^3
  PERCENTAGE OF CALCULATION COMPLETE:
  [ 10 | 20 | 30 | 40 | 50 | 60 | 70 | 80 | 90 | 100 ]

  TO ANIMATE YOUR SIMULATION, OPEN THE FILE 
  'cp_traj.xyz' WITH VMD AFTER THE SIMULATION COMPLETES

  TO ANALYZE INSTANTANEOUS DATA ABOUT YOUR MOLECULE, OPEN THE FILE 
  'cp_output.txt' WITH YOUR FAVORITE TEXT EDITOR OR IMPORT THE DATA INTO EXCEL

  THE FOLLOWING THERMODYNAMIC AVERAGES WILL BE COMPUTED AND WRITTEN TO THE FILE  
  'cp_average.txt':

  AVERAGE TEMPERATURE (K):                       117.78912

  AVERAGE PRESSURE  (Pa):                   55910806.40027

  PV/nT (J * mol^-1 K^-1):                        13.56196

  PERCENT ERROR of pV/nT AND GAS CONSTANT:        63.11296

  THE COMPRESSIBILITY (unitless):                  1.63113 

  TOTAL VOLUME (m^3):                      2.37220e-25 

  NUMBER OF PARTICLES (unitless):          5000 
==17842== Profiling application: ./bin/MD
==17842== Profiling result:
            Type  Time(%)      Time     Calls       Avg       Min       Max  Name
 GPU activities:   99.91%  11.4572s       202  56.719ms  56.643ms  57.247ms  computeAccelerationsKernel(double*, double*, double*)
                    0.04%  4.5257ms       202  22.404us  21.792us  32.320us  [CUDA memcpy HtoD]
                    0.04%  4.0868ms       404  10.115us  1.5360us  19.168us  [CUDA memcpy DtoH]
                    0.01%  1.3243ms       404  3.2770us  1.8560us  5.0560us  [CUDA memset]
      API calls:   97.57%  11.4922s       606  18.964ms  16.371us  57.370ms  cudaMemcpy
                    2.07%  243.55ms       606  401.89us  3.2150us  208.69ms  cudaMalloc
                    0.27%  32.316ms       606  53.327us  2.9070us  2.2612ms  cudaFree
                    0.04%  4.7726ms       404  11.813us  4.1960us  77.631us  cudaMemset
                    0.02%  2.7023ms       202  13.377us  9.9510us  49.456us  cudaLaunchKernel
                    0.01%  1.0186ms         2  509.30us  502.43us  516.16us  cuDeviceTotalMem
                    0.01%  924.49us       202  4.5760us     315ns  207.35us  cuDeviceGetAttribute
                    0.00%  328.54us       808     406ns     209ns  16.974us  cudaGetLastError
                    0.00%  127.92us         2  63.960us  44.572us  83.348us  cuDeviceGetName
                    0.00%  21.554us         2  10.777us  5.4450us  16.109us  cuDeviceGetPCIBusId
                    0.00%  5.1510us         3  1.7170us     553ns  3.0730us  cuDeviceGetCount
                    0.00%  4.1560us         4  1.0390us     477ns  1.5360us  cuDeviceGet
                    0.00%  1.9630us         2     981ns     793ns  1.1700us  cuDeviceGetUuid

real	0m15.177s
user	0m8.204s
sys	0m4.880s
