==7952== NVPROF is profiling process 7952, command: ./bin/MD
==7952== Warning: Profiling results might be incorrect with current version of nvcc compiler used to compile cuda app. Compile with nvcc compiler 9.0 or later version to get correct profiling results. Ignore this warning if code is already compiled with the recommended nvcc version 

  !!!!!!!!!!!!!!!!!!!!!!!!!!!!!!!!!!!!!!!!!!!!!!!!!!!!!!!!!!!!!
                  WELCOME TO WILLY P CHEM MD!
  !!!!!!!!!!!!!!!!!!!!!!!!!!!!!!!!!!!!!!!!!!!!!!!!!!!!!!!!!!!!!

  ENTER A TITLE FOR YOUR CALCULATION!

  !!!!!!!!!!!!!!!!!!!!!!!!!!!!!!!!!!!!!!!!!!!!!!!!!!!!!!!!!!!!!
                  TITLE ENTERED AS 'cp'
  !!!!!!!!!!!!!!!!!!!!!!!!!!!!!!!!!!!!!!!!!!!!!!!!!!!!!!!!!!!!!

  !!!!!!!!!!!!!!!!!!!!!!!!!!!!!!!!!!!!!!!!!!!!!!!!!!!!!!!!!!!!!
  WHICH NOBLE GAS WOULD YOU LIKE TO SIMULATE? (DEFAULT IS ARGON)

  FOR HELIUM,  TYPE 'He' THEN PRESS 'return' TO CONTINUE
  FOR NEON,    TYPE 'Ne' THEN PRESS 'return' TO CONTINUE
  FOR ARGON,   TYPE 'Ar' THEN PRESS 'return' TO CONTINUE
  FOR KRYPTON, TYPE 'Kr' THEN PRESS 'return' TO CONTINUE
  FOR XENON,   TYPE 'Xe' THEN PRESS 'return' TO CONTINUE
  !!!!!!!!!!!!!!!!!!!!!!!!!!!!!!!!!!!!!!!!!!!!!!!!!!!!!!!!!!!!!

  !!!!!!!!!!!!!!!!!!!!!!!!!!!!!!!!!!!!!!!!!!!!!!!!!!!!!!!!!!!!!

                     YOU ARE SIMULATING Ar GAS! 

  !!!!!!!!!!!!!!!!!!!!!!!!!!!!!!!!!!!!!!!!!!!!!!!!!!!!!!!!!!!!!

  !!!!!!!!!!!!!!!!!!!!!!!!!!!!!!!!!!!!!!!!!!!!!!!!!!!!!!!!!!!!!

  YOU WILL NOW ENTER A FEW SIMULATION PARAMETERS
  !!!!!!!!!!!!!!!!!!!!!!!!!!!!!!!!!!!!!!!!!!!!!!!!!!!!!!!!!!!!!


  ENTER THE INTIAL TEMPERATURE OF YOUR GAS IN KELVIN


  ENTER THE NUMBER DENSITY IN moles/m^3
  FOR REFERENCE, NUMBER DENSITY OF AN IDEAL GAS AT STP IS ABOUT 40 moles/m^3
  NUMBER DENSITY OF LIQUID ARGON AT 1 ATM AND 87 K IS ABOUT 35000 moles/m^3
  PERCENTAGE OF CALCULATION COMPLETE:
  [ 10 | 20 | 30 | 40 | 50 | 60 | 70 | 80 | 90 | 100 ]
==7952== 
  TO ANIMATE YOUR SIMULATION, OPEN THE FILE 
  'cp_traj.xyz' WITH VMD AFTER THE SIMULATION COMPLETES

  TO ANALYZE INSTANTANEOUS DATA ABOUT YOUR MOLECULE, OPEN THE FILE 
  'cp_output.txt' WITH YOUR FAVORITE TEXT EDITOR OR IMPORT THE DATA INTO EXCEL

  THE FOLLOWING THERMODYNAMIC AVERAGES WILL BE COMPUTED AND WRITTEN TO THE FILE  
  'cp_average.txt':

  AVERAGE TEMPERATURE (K):                       131.45506

  AVERAGE PRESSURE  (Pa):                  131001228.45076

  PV/nT (J * mol^-1 K^-1):                        28.47279

  PERCENT ERROR of pV/nT AND GAS CONSTANT:       242.44905

  THE COMPRESSIBILITY (unitless):                  3.42449 

  TOTAL VOLUME (m^3):                      2.37220e-25 

  NUMBER OF PARTICLES (unitless):          5000 
Profiling application: ./bin/MD
==7952== Profiling result:
            Type  Time(%)      Time     Calls       Avg       Min       Max  Name
 GPU activities:   99.94%  15.4579s       202  76.524ms  76.428ms  76.608ms  computeAccelerationsKernel(double*, double*, double*)
                    0.03%  4.3923ms       202  21.744us  21.376us  22.112us  [CUDA memcpy HtoD]
                    0.03%  4.1340ms       404  10.232us  1.5680us  27.680us  [CUDA memcpy DtoH]
                    0.01%  1.3142ms       404  3.2530us  1.7920us  5.0240us  [CUDA memset]
      API calls:   98.29%  15.4909s       606  25.563ms  15.747us  76.747ms  cudaMemcpy
                    1.49%  235.12ms       606  387.99us  2.8160us  207.43ms  cudaMalloc
                    0.17%  26.950ms       606  44.472us  2.5570us  2.1896ms  cudaFree
                    0.03%  4.2416ms       404  10.498us  3.6770us  68.919us  cudaMemset
                    0.02%  2.4510ms       202  12.133us  9.1860us  61.343us  cudaLaunchKernel
                    0.00%  493.11us         1  493.11us  493.11us  493.11us  cuDeviceTotalMem
                    0.00%  305.28us       101  3.0220us     357ns  117.91us  cuDeviceGetAttribute
                    0.00%  281.88us       808     348ns     180ns  12.194us  cudaGetLastError
                    0.00%  176.64us         1  176.64us  176.64us  176.64us  cuDeviceGetName
                    0.00%  14.157us         1  14.157us  14.157us  14.157us  cuDeviceGetPCIBusId
                    0.00%  10.228us         3  3.4090us     557ns  6.9860us  cuDeviceGetCount
                    0.00%  1.8290us         2     914ns     450ns  1.3790us  cuDeviceGet
                    0.00%     920ns         1     920ns     920ns     920ns  cuDeviceGetUuid

real	0m17.882s
user	0m10.525s
sys	0m6.047s
