==15328== NVPROF is profiling process 15328, command: ./bin/MD
==15328== Warning: Profiling results might be incorrect with current version of nvcc compiler used to compile cuda app. Compile with nvcc compiler 9.0 or later version to get correct profiling results. Ignore this warning if code is already compiled with the recommended nvcc version 

  !!!!!!!!!!!!!!!!!!!!!!!!!!!!!!!!!!!!!!!!!!!!!!!!!!!!!!!!!!!!!
                  WELCOME TO WILLY P CHEM MD!
  !!!!!!!!!!!!!!!!!!!!!!!!!!!!!!!!!!!!!!!!!!!!!!!!!!!!!!!!!!!!!

  ENTER A TITLE FOR YOUR CALCULATION!

  !!!!!!!!!!!!!!!!!!!!!!!!!!!!!!!!!!!!!!!!!!!!!!!!!!!!!!!!!!!!!
                  TITLE ENTERED AS 'cp'
  !!!!!!!!!!!!!!!!!!!!!!!!!!!!!!!!!!!!!!!!!!!!!!!!!!!!!!!!!!!!!

  !!!!!!!!!!!!!!!!!!!!!!!!!!!!!!!!!!!!!!!!!!!!!!!!!!!!!!!!!!!!!
  WHICH NOBLE GAS WOULD YOU LIKE TO SIMULATE? (DEFAULT IS ARGON)

  FOR HELIUM,  TYPE 'He' THEN PRESS 'return' TO CONTINUE
  FOR NEON,    TYPE 'Ne' THEN PRESS 'return' TO CONTINUE
  FOR ARGON,   TYPE 'Ar' THEN PRESS 'return' TO CONTINUE
  FOR KRYPTON, TYPE 'Kr' THEN PRESS 'return' TO CONTINUE
  FOR XENON,   TYPE 'Xe' THEN PRESS 'return' TO CONTINUE
  !!!!!!!!!!!!!!!!!!!!!!!!!!!!!!!!!!!!!!!!!!!!!!!!!!!!!!!!!!!!!

  !!!!!!!!!!!!!!!!!!!!!!!!!!!!!!!!!!!!!!!!!!!!!!!!!!!!!!!!!!!!!

                     YOU ARE SIMULATING Ar GAS! 

  !!!!!!!!!!!!!!!!!!!!!!!!!!!!!!!!!!!!!!!!!!!!!!!!!!!!!!!!!!!!!

  !!!!!!!!!!!!!!!!!!!!!!!!!!!!!!!!!!!!!!!!!!!!!!!!!!!!!!!!!!!!!

  YOU WILL NOW ENTER A FEW SIMULATION PARAMETERS
  !!!!!!!!!!!!!!!!!!!!!!!!!!!!!!!!!!!!!!!!!!!!!!!!!!!!!!!!!!!!!


  ENTER THE INTIAL TEMPERATURE OF YOUR GAS IN KELVIN


  ENTER THE NUMBER DENSITY IN moles/m^3
  FOR REFERENCE, NUMBER DENSITY OF AN IDEAL GAS AT STP IS ABOUT 40 moles/m^3
  NUMBER DENSITY OF LIQUID ARGON AT 1 ATM AND 87 K IS ABOUT 35000 moles/m^3
  PERCENTAGE OF CALCULATION COMPLETE:
  [ 10 | 20 | 30 | 40 | 50 | 60 | 70 | 80 | 90 | 100 ]
==15328== Profiling application: ./bin/MD

  TO ANIMATE YOUR SIMULATION, OPEN THE FILE 
  'cp_traj.xyz' WITH VMD AFTER THE SIMULATION COMPLETES

  TO ANALYZE INSTANTANEOUS DATA ABOUT YOUR MOLECULE, OPEN THE FILE 
  'cp_output.txt' WITH YOUR FAVORITE TEXT EDITOR OR IMPORT THE DATA INTO EXCEL

  THE FOLLOWING THERMODYNAMIC AVERAGES WILL BE COMPUTED AND WRITTEN TO THE FILE  
  'cp_average.txt':

  AVERAGE TEMPERATURE (K):                       131.45506

  AVERAGE PRESSURE  (Pa):                  131001228.45076

  PV/nT (J * mol^-1 K^-1):                        28.47279

  PERCENT ERROR of pV/nT AND GAS CONSTANT:       242.44905

  THE COMPRESSIBILITY (unitless):                  3.42449 

  TOTAL VOLUME (m^3):                      2.37220e-25 

  NUMBER OF PARTICLES (unitless):          5000 
==15328== Profiling result:
            Type  Time(%)      Time     Calls       Avg       Min       Max  Name
 GPU activities:   99.91%  11.5682s       202  57.268ms  57.204ms  57.349ms  computeAccelerationsKernel(double*, double*, double*)
                    0.04%  4.4535ms       202  22.046us  21.472us  22.368us  [CUDA memcpy HtoD]
                    0.04%  4.1277ms       404  10.217us  1.5670us  27.008us  [CUDA memcpy DtoH]
                    0.01%  1.2715ms       404  3.1470us  1.7600us  4.9930us  [CUDA memset]
      API calls:   97.80%  11.5960s       606  19.135ms  15.176us  57.494ms  cudaMemcpy
                    1.96%  232.39ms       606  383.48us  2.8360us  206.82ms  cudaMalloc
                    0.18%  20.844ms       606  34.395us  2.6570us  164.90us  cudaFree
                    0.03%  3.8842ms       404  9.6140us  3.7390us  54.822us  cudaMemset
                    0.02%  2.2257ms       202  11.018us  9.0290us  58.831us  cudaLaunchKernel
                    0.01%  699.13us         1  699.13us  699.13us  699.13us  cuDeviceTotalMem
                    0.00%  403.30us       101  3.9930us     372ns  175.36us  cuDeviceGetAttribute
                    0.00%  308.44us       808     381ns     231ns  12.279us  cudaGetLastError
                    0.00%  35.202us         1  35.202us  35.202us  35.202us  cuDeviceGetName
                    0.00%  16.951us         1  16.951us  16.951us  16.951us  cuDeviceGetPCIBusId
                    0.00%  3.1560us         3  1.0520us     532ns  1.7020us  cuDeviceGetCount
                    0.00%  1.6880us         2     844ns     398ns  1.2900us  cuDeviceGet
                    0.00%  1.0430us         1  1.0430us  1.0430us  1.0430us  cuDeviceGetUuid

real	0m13.597s
user	0m8.090s
sys	0m4.576s
